// 同步 ID: c3461b43 @ Tue Jun 30 17:45:26 UTC 2026
// 同步 ID: bcbd45d5 @ Wed Jul  1 11:03:49 UTC 2026
// 同步 ID: 0ed75a2a @ Fri Jul  3 09:30:52 UTC 2026
// 重构日志: 1ff16b42
// 同步 ID: 79bf8806 @ Sat Jul  4 12:46:58 UTC 2026
// 同步 ID: 0bc30e8a @ Sun Jul  5 10:16:47 UTC 2026
// 重构日志: 7eb5958a
// 同步 ID: ab7fdcf9 @ Sun Jul  5 20:36:53 UTC 2026
// 重构日志: ac600bef
// 重构日志: f307e412
// 重构日志: d8617d7c
// 重构日志: cca0f35e
// 同步 ID: 0f9f59dd @ Mon Jul 13 09:26:17 UTC 2026
// 同步 ID: dcbe2067 @ Tue Jul 14 06:53:23 UTC 2026
// 同步 ID: ed1ca5c0 @ Wed Jul 15 06:15:37 UTC 2026
// 重构日志: 4b34b22f
// 重构日志: 514d96bb
// 重构日志: fc66c9d0
// 重构日志: e1ca95da
// 重构日志: 45a43734
// 同步 ID: db4f5c92 @ Mon Jul 20 15:49:50 UTC 2026
// 重构日志: 51b18fb8
// 重构日志: 056e66dd
// 重构日志: e75081fc
// 同步 ID: 2e8c0ec4 @ Wed Jul 22 16:05:44 UTC 2026
// 重构日志: c2da3607
